<?xml version="1.0" encoding="UTF-8"?>
<testng-results skipped="0" failed="0" ignored="0" total="4" passed="4">
  <reporter-output>
  </reporter-output>
  <suite name="Suite" duration-ms="187" started-at="2019-04-20T07:07:02Z" finished-at="2019-04-20T07:07:02Z">
    <groups>
    </groups>
    <test name="Test" duration-ms="187" started-at="2019-04-20T07:07:02Z" finished-at="2019-04-20T07:07:02Z">
      <class name="qaclickacademy.RestAPITest">
        <test-method status="PASS" signature="deleteTwitter()[pri:0, instance:qaclickacademy.RestAPITest@38082d64]" name="deleteTwitter" duration-ms="0" started-at="2019-04-20T07:07:02Z" finished-at="2019-04-20T07:07:02Z">
          <reporter-output>
          </reporter-output>
        </test-method> <!-- deleteTwitter -->
        <test-method status="PASS" signature="postJira()[pri:0, instance:qaclickacademy.RestAPITest@38082d64]" name="postJira" duration-ms="0" started-at="2019-04-20T07:07:02Z" finished-at="2019-04-20T07:07:02Z">
          <reporter-output>
          </reporter-output>
        </test-method> <!-- postJira -->
      </class> <!-- qaclickacademy.RestAPITest -->
      <class name="qaclickacademy.SeleniumTest">
        <test-method status="PASS" signature="BrowseAutomation()[pri:0, instance:qaclickacademy.SeleniumTest@2ed94a8b]" name="BrowseAutomation" duration-ms="47" started-at="2019-04-20T07:07:02Z" finished-at="2019-04-20T07:07:02Z">
          <reporter-output>
          </reporter-output>
        </test-method> <!-- BrowseAutomation -->
        <test-method status="PASS" signature="elementsUI()[pri:0, instance:qaclickacademy.SeleniumTest@2ed94a8b]" name="elementsUI" duration-ms="0" started-at="2019-04-20T07:07:02Z" finished-at="2019-04-20T07:07:02Z">
          <reporter-output>
          </reporter-output>
        </test-method> <!-- elementsUI -->
      </class> <!-- qaclickacademy.SeleniumTest -->
    </test> <!-- Test -->
  </suite> <!-- Suite -->
</testng-results>
